<?xml version="1.0" encoding="UTF-8"?>
<!-- Generated by org.testng.reporters.JUnitXMLReporter -->
<testsuite ignored="0" hostname="DESKTOP-JAS0CHU" failures="0" tests="7" name="Test" time="61.097" errors="0" timestamp="2025-02-02T11:58:50 IST">
  <testcase classname="Testcases.MakeMyTrip" name="@BeforeClass CloseLoginPopup" time="60.203">
    <failure type="org.openqa.selenium.TimeoutException" message="Expected condition failed: waiting for element to be clickable: By.xpath: //*[@data-cy=&amp;apos;closeModal&amp;apos;] (tried for 60 second(s) with 500 milliseconds interval)
Build info: version: &amp;apos;4.27.0&amp;apos;, revision: &amp;apos;d6e718d134&amp;apos;
System info: os.name: &amp;apos;Windows 11&amp;apos;, os.arch: &amp;apos;amd64&amp;apos;, os.version: &amp;apos;10.0&amp;apos;, java.version: &amp;apos;21.0.5&amp;apos;
Driver info: org.openqa.selenium.edge.EdgeDriver
Capabilities {acceptInsecureCerts: false, browserName: MicrosoftEdge, browserVersion: 132.0.2957.127, fedcm:accounts: true, ms:edgeOptions: {debuggerAddress: localhost:53192}, msedge: {msedgedriverVersion: 132.0.2957.140 (a81e27b375d..., userDataDir: C:\Users\DELL\AppData\Local...}, networkConnectionEnabled: false, pageLoadStrategy: normal, platformName: windows, proxy: Proxy(), se:cdp: ws://localhost:53192/devtoo..., se:cdpVersion: 132.0.2957.127, setWindowRect: true, strictFileInteractability: false, timeouts: {implicit: 0, pageLoad: 300000, script: 30000}, unhandledPromptBehavior: dismiss and notify, webauthn:extension:credBlob: true, webauthn:extension:largeBlob: true, webauthn:extension:minPinLength: true, webauthn:extension:prf: true, webauthn:virtualAuthenticators: true}
Session ID: 029e22dd25ebac20d48d733b4ca77120">
      <![CDATA[org.openqa.selenium.TimeoutException: Expected condition failed: waiting for element to be clickable: By.xpath: //*[@data-cy='closeModal'] (tried for 60 second(s) with 500 milliseconds interval)
Build info: version: '4.27.0', revision: 'd6e718d134'
System info: os.name: 'Windows 11', os.arch: 'amd64', os.version: '10.0', java.version: '21.0.5'
Driver info: org.openqa.selenium.edge.EdgeDriver
Capabilities {acceptInsecureCerts: false, browserName: MicrosoftEdge, browserVersion: 132.0.2957.127, fedcm:accounts: true, ms:edgeOptions: {debuggerAddress: localhost:53192}, msedge: {msedgedriverVersion: 132.0.2957.140 (a81e27b375d..., userDataDir: C:\Users\DELL\AppData\Local...}, networkConnectionEnabled: false, pageLoadStrategy: normal, platformName: windows, proxy: Proxy(), se:cdp: ws://localhost:53192/devtoo..., se:cdpVersion: 132.0.2957.127, setWindowRect: true, strictFileInteractability: false, timeouts: {implicit: 0, pageLoad: 300000, script: 30000}, unhandledPromptBehavior: dismiss and notify, webauthn:extension:credBlob: true, webauthn:extension:largeBlob: true, webauthn:extension:minPinLength: true, webauthn:extension:prf: true, webauthn:virtualAuthenticators: true}
Session ID: 029e22dd25ebac20d48d733b4ca77120
at org.openqa.selenium.support.ui.WebDriverWait.timeoutException(WebDriverWait.java:84)
at org.openqa.selenium.support.ui.FluentWait.until(FluentWait.java:228)
at CommonElements.WebelementCommons.WaitForClickable(WebelementCommons.java:66)
at Pages.FlightSearchPage.ClosePopup(FlightSearchPage.java:25)
at Testcases.MakeMyTrip.CloseLoginPopup(MakeMyTrip.java:39)
at java.base/java.util.ArrayList.forEach(ArrayList.java:1596)
... Removed 23 stack frames]]>
    </failure>
  </testcase> <!-- @BeforeClass CloseLoginPopup -->
  <testcase classname="Testcases.MakeMyTrip" name="@AfterMethod WriteInReport" time="0.0">
    <skipped/>
  </testcase> <!-- @AfterMethod WriteInReport -->
  <testcase classname="Testcases.MakeMyTrip" name="@AfterMethod WriteInReport" time="0.0">
    <skipped/>
  </testcase> <!-- @AfterMethod WriteInReport -->
  <testcase classname="Testcases.MakeMyTrip" name="@AfterMethod WriteInReport" time="0.0">
    <skipped/>
  </testcase> <!-- @AfterMethod WriteInReport -->
  <testcase classname="Testcases.MakeMyTrip" name="@AfterMethod WriteInReport" time="0.0">
    <skipped/>
  </testcase> <!-- @AfterMethod WriteInReport -->
  <testcase classname="Testcases.MakeMyTrip" name="@AfterMethod WriteInReport" time="0.0">
    <skipped/>
  </testcase> <!-- @AfterMethod WriteInReport -->
  <testcase classname="Testcases.MakeMyTrip" name="@AfterMethod WriteInReport" time="0.0">
    <skipped/>
  </testcase> <!-- @AfterMethod WriteInReport -->
  <testcase classname="Testcases.MakeMyTrip" name="@AfterMethod WriteInReport" time="0.0">
    <skipped/>
  </testcase> <!-- @AfterMethod WriteInReport -->
  <testcase classname="Testcases.MakeMyTrip" name="ValidFlightSearchTestcase" time="0.0">
    <skipped/>
  </testcase> <!-- ValidFlightSearchTestcase -->
  <testcase classname="Testcases.MakeMyTrip" name="FlightSearchWithSameCityTestcase" time="0.0">
    <skipped/>
  </testcase> <!-- FlightSearchWithSameCityTestcase -->
  <testcase classname="Testcases.MakeMyTrip" name="ValidFlightSearchTestcaseWithDD" time="0.0">
    <skipped/>
  </testcase> <!-- ValidFlightSearchTestcaseWithDD -->
  <testcase classname="Testcases.MakeMyTrip" name="ValidFlightSearchTestcaseWithDD" time="0.0">
    <skipped/>
  </testcase> <!-- ValidFlightSearchTestcaseWithDD -->
  <testcase classname="Testcases.MakeMyTrip" name="FlightSearchWithSameCityTestcasewithDD" time="0.0">
    <skipped/>
  </testcase> <!-- FlightSearchWithSameCityTestcasewithDD -->
  <testcase classname="Testcases.MakeMyTrip" name="FlightSearchWithSameCityTestcasewithDD" time="0.0">
    <skipped/>
  </testcase> <!-- FlightSearchWithSameCityTestcasewithDD -->
  <testcase classname="Testcases.MakeMyTrip" name="FlightSearchWithSameCityTestcasewithDD" time="0.0">
    <skipped/>
  </testcase> <!-- FlightSearchWithSameCityTestcasewithDD -->
</testsuite> <!-- Test -->
