<?xml version="1.0" encoding="UTF-8"?>
<!-- Generated by org.testng.reporters.JUnitReportReporter -->
<testsuite hostname="DESKTOP-JAS0CHU" failures="0" tests="8" name="Testcases.MakeMyTrip" time="60.203" errors="1" timestamp="2025-02-02T11:58:50 IST" skipped="7">
  <testcase classname="Testcases.MakeMyTrip" name="ValidFlightSearchTestcase" time="0.000">
    <skipped/>
  </testcase> <!-- ValidFlightSearchTestcase -->
  <testcase classname="Testcases.MakeMyTrip" name="CloseLoginPopup" time="60.203">
    <error message="Expected condition failed: waiting for element to be clickable: By.xpath: //*[@data-cy=&#039;closeModal&#039;] (tried for 60 second(s) with 500 milliseconds interval)
Build info: version: &#039;4.27.0&#039;, revision: &#039;d6e718d134&#039;
System info: os.name: &#039;Windows 11&#039;, os.arch: &#039;amd64&#039;, os.version: &#039;10.0&#039;, java.version: &#039;21.0.5&#039;
Driver info: org.openqa.selenium.edge.EdgeDriver
Capabilities {acceptInsecureCerts: false, browserName: MicrosoftEdge, browserVersion: 132.0.2957.127, fedcm:accounts: true, ms:edgeOptions: {debuggerAddress: localhost:53192}, msedge: {msedgedriverVersion: 132.0.2957.140 (a81e27b375d..., userDataDir: C:\Users\DELL\AppData\Local...}, networkConnectionEnabled: false, pageLoadStrategy: normal, platformName: windows, proxy: Proxy(), se:cdp: ws://localhost:53192/devtoo..., se:cdpVersion: 132.0.2957.127, setWindowRect: true, strictFileInteractability: false, timeouts: {implicit: 0, pageLoad: 300000, script: 30000}, unhandledPromptBehavior: dismiss and notify, webauthn:extension:credBlob: true, webauthn:extension:largeBlob: true, webauthn:extension:minPinLength: true, webauthn:extension:prf: true, webauthn:virtualAuthenticators: true}
Session ID: 029e22dd25ebac20d48d733b4ca77120" type="org.openqa.selenium.TimeoutException">
      <![CDATA[org.openqa.selenium.TimeoutException: Expected condition failed: waiting for element to be clickable: By.xpath: //*[@data-cy='closeModal'] (tried for 60 second(s) with 500 milliseconds interval)
Build info: version: '4.27.0', revision: 'd6e718d134'
System info: os.name: 'Windows 11', os.arch: 'amd64', os.version: '10.0', java.version: '21.0.5'
Driver info: org.openqa.selenium.edge.EdgeDriver
Capabilities {acceptInsecureCerts: false, browserName: MicrosoftEdge, browserVersion: 132.0.2957.127, fedcm:accounts: true, ms:edgeOptions: {debuggerAddress: localhost:53192}, msedge: {msedgedriverVersion: 132.0.2957.140 (a81e27b375d..., userDataDir: C:\Users\DELL\AppData\Local...}, networkConnectionEnabled: false, pageLoadStrategy: normal, platformName: windows, proxy: Proxy(), se:cdp: ws://localhost:53192/devtoo..., se:cdpVersion: 132.0.2957.127, setWindowRect: true, strictFileInteractability: false, timeouts: {implicit: 0, pageLoad: 300000, script: 30000}, unhandledPromptBehavior: dismiss and notify, webauthn:extension:credBlob: true, webauthn:extension:largeBlob: true, webauthn:extension:minPinLength: true, webauthn:extension:prf: true, webauthn:virtualAuthenticators: true}
Session ID: 029e22dd25ebac20d48d733b4ca77120
at org.openqa.selenium.support.ui.WebDriverWait.timeoutException(WebDriverWait.java:84)
at org.openqa.selenium.support.ui.FluentWait.until(FluentWait.java:228)
at CommonElements.WebelementCommons.WaitForClickable(WebelementCommons.java:66)
at Pages.FlightSearchPage.ClosePopup(FlightSearchPage.java:25)
at Testcases.MakeMyTrip.CloseLoginPopup(MakeMyTrip.java:39)
at java.base/jdk.internal.reflect.DirectMethodHandleAccessor.invoke(DirectMethodHandleAccessor.java:103)
at java.base/java.lang.reflect.Method.invoke(Method.java:580)
at org.testng.internal.invokers.MethodInvocationHelper.invokeMethod(MethodInvocationHelper.java:139)
at org.testng.internal.invokers.MethodInvocationHelper.invokeMethodConsideringTimeout(MethodInvocationHelper.java:69)
at org.testng.internal.invokers.ConfigInvoker.invokeConfigurationMethod(ConfigInvoker.java:393)
at org.testng.internal.invokers.ConfigInvoker.invokeConfigurations(ConfigInvoker.java:326)
at org.testng.internal.invokers.TestMethodWorker.invokeBeforeClassMethods(TestMethodWorker.java:180)
at org.testng.internal.invokers.TestMethodWorker.run(TestMethodWorker.java:122)
at java.base/java.util.ArrayList.forEach(ArrayList.java:1596)
at org.testng.TestRunner.privateRun(TestRunner.java:819)
at org.testng.TestRunner.run(TestRunner.java:619)
at org.testng.SuiteRunner.runTest(SuiteRunner.java:443)
at org.testng.SuiteRunner.runSequentially(SuiteRunner.java:437)
at org.testng.SuiteRunner.privateRun(SuiteRunner.java:397)
at org.testng.SuiteRunner.run(SuiteRunner.java:336)
at org.testng.SuiteRunnerWorker.runSuite(SuiteRunnerWorker.java:52)
at org.testng.SuiteRunnerWorker.run(SuiteRunnerWorker.java:95)
at org.testng.TestNG.runSuitesSequentially(TestNG.java:1301)
at org.testng.TestNG.runSuitesLocally(TestNG.java:1228)
at org.testng.TestNG.runSuites(TestNG.java:1134)
at org.testng.TestNG.run(TestNG.java:1101)
at org.testng.remote.AbstractRemoteTestNG.run(AbstractRemoteTestNG.java:115)
at org.testng.remote.RemoteTestNG.initAndRun(RemoteTestNG.java:293)
at org.testng.remote.RemoteTestNG.main(RemoteTestNG.java:91)
]]>
    </error>
  </testcase> <!-- CloseLoginPopup -->
  <testcase classname="Testcases.MakeMyTrip" name="FlightSearchWithSameCityTestcase" time="0.000">
    <skipped/>
  </testcase> <!-- FlightSearchWithSameCityTestcase -->
  <testcase classname="Testcases.MakeMyTrip" name="ValidFlightSearchTestcaseWithDD" time="0.000">
    <skipped/>
  </testcase> <!-- ValidFlightSearchTestcaseWithDD -->
  <testcase classname="Testcases.MakeMyTrip" name="ValidFlightSearchTestcaseWithDD" time="0.000">
    <skipped/>
  </testcase> <!-- ValidFlightSearchTestcaseWithDD -->
  <testcase classname="Testcases.MakeMyTrip" name="FlightSearchWithSameCityTestcasewithDD" time="0.000">
    <skipped/>
  </testcase> <!-- FlightSearchWithSameCityTestcasewithDD -->
  <testcase classname="Testcases.MakeMyTrip" name="FlightSearchWithSameCityTestcasewithDD" time="0.000">
    <skipped/>
  </testcase> <!-- FlightSearchWithSameCityTestcasewithDD -->
  <testcase classname="Testcases.MakeMyTrip" name="FlightSearchWithSameCityTestcasewithDD" time="0.000">
    <skipped/>
  </testcase> <!-- FlightSearchWithSameCityTestcasewithDD -->
</testsuite> <!-- Testcases.MakeMyTrip -->
